Я в моменте (Э)
И пролетел который день, я не заметил
На своих двух, и мне навстречу только ветер
Мне светит солнце, хоть и говорили все тут (Эй, эй)
Что мне ничё не светит (М-м)
И мы раскрасим серый Питер, подарим ему улыбки
Я в моменте! Извините! Не пишите! Не звоните! Нет! (Нет)
Каким бы трудным не был путь, иду, куда глаза глядят, и куда ноги ведут
Эй
Я в моменте
И пролетел который день, я не заметил
На своих двух, и мне навстречу только ветер
Мне светит солнце, хоть и говорили все тут
Что мне ничё не светит
Всю свою жизнь я просто бегу за чем-то (Бегу за чем-то)
Не знаю зачем, просто бегу зачем-то
Я так давно уже не находил момента
Чтобы сделать вдох, выдох, перезагрузить ленту (Я)
Я уже и забыл, когда смотрел на звёзды toptekstru
И делал всё что хотел, ведь так хотел быть взрослым
Когда ещё я вернусь домой в тех старых кроссах?
Ты скажешь мне: «Никогда», но никогда не поздно
Я в моменте
И пролетел который день, я не заметил
На своих двух, и мне навстречу только ветер
Мне светит солнце, хоть и говорили все тут
Что мне ничё не светит