Снова признаю что не прав, и снова извинюсь
Снова скажу, что изменюсь, но, увы, не изменюсь
Меня волнуешь больше ты, чем мой высокий пульс
Да, я ревнив, я не скрывал и думал это плюс
Я будто знал тебя всю жизнь, но мне стерли память
Ты словно часть меня, которой мне так не хватает
Меня всегда смешила любовь на расстоянии
Мы не виделись ни разу, но я тебе по скучаю

Засыпаю без тебя, — это не окей
Твое имя на руке, как в том аниме
Притворимся, что у нас будет happy end
Я ненавижу ненавидеть мысли о тебе

Девочка, не плачь напрасно
Хоть твои слезы так прекрасны
Девочка, не плачь напрасно
Любовь это всегда опасно
Девочка, не плачь напрасно
Хоть твои слезы так прекрасны
Блестящие глаза, как стразы
Девочка, любовь это всегда опасно

Плевать на прошлое, малыш, — мы все не идеальны
Зато на стиле, будто Демна и Гурам Гвасалия
Когда тебя я встретил, понял, я еще ребенок
Но, детка, тебе наплевать, что это вне закона

Засыпаю без тебя, — это не окей
Твое имя на руке, как в том аниме
Притворимся, что у нас будет happy end
Я ненавижу ненавидеть мысли о тебе

Девочка, не плачь напрасно
Хоть твои слезы так прекрасны
Девочка, не плачь напрасно
Любовь это всегда опасно
Девочка, не плачь напрасно
Хоть твои слезы так прекрасны
Блестящие глаза, как стразы
Девочка, любовь это всегда опасно

Большой палец над моей башкой (На, на)
Ведь я опять иду один домой (На, на)
Сам не свой, потому что твой (На, на)
Если сон, то только с тобой

Девочка, не плачь напрасно
Хоть твои слезы так прекрасны
Девочка, не плачь напрасно
Любовь это всегда опасно
Девочка, не плачь напрасно
Хоть твои слезы так прекрасны
Блестящие глаза, как стразы
Девочка, любовь это всегда опасно